<?xml version="1.0" encoding="UTF-8"?>
<!-- Generated by org.testng.reporters.JUnitXMLReporter -->
<testsuite hostname="DESKTOP-AR628H2" name="MavenDemoTest" tests="3" failures="0" timestamp="16 Aug 2018 06:34:43 GMT" time="29.26" errors="0">
  <testcase name="verifyinvalidLogin" time="5.711" classname="com.demomaven.test.RegressionTestScripts"/>
  <testcase name="nevigateBack" time="1.196" classname="com.demomaven.test.RegressionTestScripts"/>
  <testcase name="verifyValidLogin" time="10.094" classname="com.demomaven.test.RegressionTestScripts"/>
</testsuite> <!-- MavenDemoTest -->
