<?xml version="1.0" encoding="UTF-8"?>
<!-- Generated by org.testng.reporters.JUnitXMLReporter -->
<testsuite hostname="DESKTOP-AR628H2" name="Default test" tests="3" failures="0" timestamp="16 Aug 2018 05:43:15 GMT" time="40.131" errors="0">
  <testcase name="verifyinvalidLogin" time="8.318" classname="com.demomaven.test.RegressionTestScripts"/>
  <testcase name="nevigateBack" time="1.769" classname="com.demomaven.test.RegressionTestScripts"/>
  <testcase name="verifyValidLogin" time="9.813" classname="com.demomaven.test.RegressionTestScripts"/>
</testsuite> <!-- Default test -->
